<?xml version="1.0" encoding="UTF-8"?>
<!-- Generated by org.testng.reporters.JUnitXMLReporter -->
<testsuite hostname="DESKTOP-JKI4BIL" ignored="0" name="chrome" tests="1" failures="0" timestamp="02 Feb 2019 17:19:17 GMT" time="0.106" errors="0">
  <testcase name="@BeforeClass Workingwithbrowser" time="0.087" classname="TestNg.Maven.NewTest">
    <failure type="java.lang.IllegalStateException" message="The path to the driver executable must be set by the webdriver.chrome.driver system property; for more information, see https://github.com/SeleniumHQ/selenium/wiki/ChromeDriver. The latest version can be downloaded from http://chromedriver.storage.googleapis.com/index.html">
      <![CDATA[java.lang.IllegalStateException: The path to the driver executable must be set by the webdriver.chrome.driver system property; for more information, see https://github.com/SeleniumHQ/selenium/wiki/ChromeDriver. The latest version can be downloaded from http://chromedriver.storage.googleapis.com/index.html
at com.google.common.base.Preconditions.checkState(Preconditions.java:847)
at org.openqa.selenium.remote.service.DriverService.findExecutable(DriverService.java:134)
at org.openqa.selenium.chrome.ChromeDriverService.access$000(ChromeDriverService.java:35)
at org.openqa.selenium.chrome.ChromeDriverService$Builder.findDefaultExecutable(ChromeDriverService.java:159)
at org.openqa.selenium.remote.service.DriverService$Builder.build(DriverService.java:355)
at org.openqa.selenium.chrome.ChromeDriverService.createDefaultService(ChromeDriverService.java:94)
at org.openqa.selenium.chrome.ChromeDriver.<init>(ChromeDriver.java:123)
at TestNg.Maven.NewTest.Workingwithbrowser(NewTest.java:38)
... Removed 26 stack frames]]>
    </failure>
  </testcase> <!-- @BeforeClass Workingwithbrowser -->
  <testcase name="tets" time="0.0" classname="TestNg.Maven.NewTest">
    <skipped/>
  </testcase> <!-- tets -->
</testsuite> <!-- chrome -->
